<?xml version="1.0" encoding="UTF-8"?>
<testsuite xmlns:xsi="http://www.w3.org/2001/XMLSchema-instance" xsi:noNamespaceSchemaLocation="https://maven.apache.org/surefire/maven-surefire-plugin/xsd/surefire-test-report.xsd" name="pr2.org.GraphTest" time="0.303" tests="19" errors="0" skipped="0" failures="0">
  <properties>
[...]
</properties>
  <testcase name="annadirVariosEdges" classname="pr2.org.GraphTest" time="0.004"/>
  <testcase name="annadirEdgeReflexivo" classname="pr2.org.GraphTest" time="0"/>
  <testcase name="toStringSingleVertexTest" classname="pr2.org.GraphTest" time="0.001"/>
  <testcase name="addDuplicateVertexTest" classname="pr2.org.GraphTest" time="0"/>
  <testcase name="toStringEmptyTest" classname="pr2.org.GraphTest" time="0.001"/>
  <testcase name="addSingleVertexTest" classname="pr2.org.GraphTest" time="0.001"/>
  <testcase name="OnePathTest" classname="pr2.org.GraphTest" time="0.03"/>
  <testcase name="toStringVariousVertexTest" classname="pr2.org.GraphTest" time="0.002"/>
  <testcase name="toStringSingleVertexTestString" classname="pr2.org.GraphTest" time="0.001"/>
  <testcase name="addDuplicateVertexAndCheckTest" classname="pr2.org.GraphTest" time="0.006"/>
  <testcase name="onePathTestGrafo" classname="pr2.org.GraphTest" time="0.021"/>
  <testcase name="onePathTestNuevo" classname="pr2.org.GraphTest" time="0.052"/>
  <testcase name="onePathFindsAPath" classname="pr2.org.GraphTest" time="0.003"/>
  <testcase name="obtenerAdyacentesDeUnVertex" classname="pr2.org.GraphTest" time="0.001"/>
  <testcase name="annadirEdgesYaExistentes" classname="pr2.org.GraphTest" time="0.001"/>
  <testcase name="contieneVertex" classname="pr2.org.GraphTest" time="0.002"/>
  <testcase name="obtainAdjacentsFailWithException" classname="pr2.org.GraphTest" time="0.002"/>
  <testcase name="obtainAdjacentsWithNoVertexFailWithException" classname="pr2.org.GraphTest" time="0.001"/>
  <testcase name="graphExistsTest" classname="pr2.org.GraphTest" time="0.001"/>
</testsuite>